<?xml version="1.0" encoding="UTF-8"?>
<testng-results skipped="0" failed="0" total="1" passed="1">
  <reporter-output>
  </reporter-output>
  <suite name="Default suite" duration-ms="107393" started-at="2020-09-20T16:45:19Z" finished-at="2020-09-20T16:47:07Z">
    <groups>
      <group name="cucumber">
        <method signature="AbstractTestNGCucumberTests.runScenario(io.cucumber.testng.PickleWrapper, io.cucumber.testng.FeatureWrapper)[pri:0, instance:testRunner.runnerClass@124ffa1]" name="runScenario" class="io.cucumber.testng.AbstractTestNGCucumberTests"/>
      </group> <!-- cucumber -->
    </groups>
    <test name="Default test" duration-ms="107393" started-at="2020-09-20T16:45:19Z" finished-at="2020-09-20T16:47:07Z">
      <class name="testRunner.runnerClass">
        <test-method status="PASS" signature="setUpClass()[pri:0, instance:testRunner.runnerClass@124ffa1]" name="setUpClass" is-config="true" duration-ms="1246" started-at="2020-09-20T22:15:19Z" finished-at="2020-09-20T22:15:21Z">
          <reporter-output>
          </reporter-output>
        </test-method> <!-- setUpClass -->
        <test-method status="PASS" signature="runScenario(io.cucumber.testng.PickleWrapper, io.cucumber.testng.FeatureWrapper)[pri:0, instance:testRunner.runnerClass@124ffa1]" name="runScenario" duration-ms="104710" started-at="2020-09-20T22:15:21Z" description="Runs Cucumber Scenarios" data-provider="scenarios" finished-at="2020-09-20T22:17:05Z">
          <params>
            <param index="0">
              <value>
                <![CDATA["Verifying Goibibo"]]>
              </value>
            </param>
            <param index="1">
              <value>
                <![CDATA["Assignment2"]]>
              </value>
            </param>
          </params>
          <reporter-output>
          </reporter-output>
        </test-method> <!-- runScenario -->
        <test-method status="PASS" signature="tearDownClass()[pri:0, instance:testRunner.runnerClass@124ffa1]" name="tearDownClass" is-config="true" duration-ms="370" started-at="2020-09-20T22:17:06Z" finished-at="2020-09-20T22:17:07Z">
          <reporter-output>
          </reporter-output>
        </test-method> <!-- tearDownClass -->
      </class> <!-- testRunner.runnerClass -->
    </test> <!-- Default test -->
  </suite> <!-- Default suite -->
</testng-results>
